<?xml version="1.0" encoding="UTF-8"?>
<!-- Generated by org.testng.reporters.JUnitXMLReporter -->
<testsuite ignored="0" hostname="Emir-TOSH" failures="0" tests="3" name="Default test" time="1.455" errors="0" timestamp="2022-12-27T10:02:19 CET">
  <testcase classname="dataDriven.excelDataProvider.dataProvide" name="testCaseData" time="0.012"/>
  <testcase classname="dataDriven.excelDataProvider.dataProvide" name="testCaseData" time="0.002"/>
  <testcase classname="dataDriven.excelDataProvider.dataProvide" name="testCaseData" time="0.006"/>
</testsuite> <!-- Default test -->
